
****** Vivado v2020.2 (64-bit)
  **** SW Build 3064766 on Wed Nov 18 09:12:47 MST 2020
  **** IP Build 3064653 on Wed Nov 18 14:17:31 MST 2020
    ** Copyright 1986-2020 Xilinx, Inc. All Rights Reserved.

source /home/user/traffic_replay_remote_src/scripts/create_hw_project.tcl
# set script_dir [file dirname [file normalize [info script]]]
# set repo_dir [file normalize [file join $script_dir ..]]
# set_param general.maxThreads 1
# proc source_vivado_init {subdir} {
#   if {![info exists ::env(XILINX_VIVADO)] || $::env(XILINX_VIVADO) eq ""} {
#     return
#   }
#   set init_dir [file normalize [file join $::env(XILINX_VIVADO) scripts $subdir]]
#   set init_file [file join $init_dir init.tcl]
#   if {![file exists $init_file]} {
#     return
#   }
#   set old_dir [pwd]
#   cd $init_dir
#   if {[catch {source -notrace $init_file} init_err]} {
#     puts "WARNING: failed to source Vivado init file $init_file: $init_err"
#   }
#   cd $old_dir
# }
# source_vivado_init ipintegrator
# source_vivado_init xguifrmwork
# if {[info exists ::env(TRAFFIC_REPLAY_HW_BUILD_ROOT)] && $::env(TRAFFIC_REPLAY_HW_BUILD_ROOT) ne ""} {
#   set hw_build_root [file normalize $::env(TRAFFIC_REPLAY_HW_BUILD_ROOT)]
# } else {
#   set hw_build_root [file join $repo_dir build]
# }
# set build_dir [file join $hw_build_root vivado_hw]
# file mkdir $build_dir
# set traffic_replay_port_count 2
# if {[info exists ::env(TRAFFIC_REPLAY_PORT_COUNT)] && $::env(TRAFFIC_REPLAY_PORT_COUNT) ne ""} {
#   set traffic_replay_port_count $::env(TRAFFIC_REPLAY_PORT_COUNT)
# }
# if {![string is integer -strict $traffic_replay_port_count] || $traffic_replay_port_count < 1 || $traffic_replay_port_count > 2} {
#   puts "ERROR: TRAFFIC_REPLAY_PORT_COUNT must be 1 or 2"
#   exit 1
# }
# set enable_port1 [expr {$traffic_replay_port_count >= 2}]
# puts "Traffic replay hardware port count: $traffic_replay_port_count"
Traffic replay hardware port count: 2
# set project_name traffic_replay_hw
# set bd_name traffic_replay_bd
# set part_name xcu200-fsgd2104-2-e
# set board_part xilinx.com:au200:part0:1.3
# create_project -force $project_name $build_dir -part $part_name
# set_property board_part $board_part [current_project]
# set_property target_language Verilog [current_project]
# set_property simulator_language Mixed [current_project]
# set_property XPM_LIBRARIES {XPM_CDC XPM_FIFO XPM_MEMORY} [current_project]
# set hw_xdc [file join $repo_dir constraints traffic_replay_u200.xdc]
# if {[file exists $hw_xdc]} {
#   add_files -fileset constrs_1 $hw_xdc
#   set_property used_in_synthesis false [get_files $hw_xdc]
#   set_property used_in_implementation true [get_files $hw_xdc]
# }
# set hw_qsfp1_xdc [file join $repo_dir constraints traffic_replay_u200_qsfp1.xdc]
# if {$enable_port1 && [file exists $hw_qsfp1_xdc]} {
#   add_files -fileset constrs_1 $hw_qsfp1_xdc
#   set_property used_in_synthesis false [get_files $hw_qsfp1_xdc]
#   set_property used_in_implementation true [get_files $hw_qsfp1_xdc]
# }
# set rtl_files [list \
#   [file join $repo_dir rtl traffic_replay_pkg.sv] \
#   [file join $repo_dir rtl axi_lite_regs.sv] \
#   [file join $repo_dir rtl replay_scheduler.sv] \
#   [file join $repo_dir rtl replay_tx_engine.sv] \
#   [file join $repo_dir rtl host_stream_parser.sv] \
#   [file join $repo_dir rtl axis_sync_fifo.sv] \
#   [file join $repo_dir rtl ddr_trace_reader.sv] \
#   [file join $repo_dir rtl ddr_stream_reader.sv] \
#   [file join $repo_dir rtl trace_replay_core.sv] \
#   [file join $repo_dir rtl traffic_replay_bd_core.v] \
#   [file join $repo_dir rtl rx_capture_bd_core.sv] \
#   [file join $repo_dir rtl rx_capture_bd_core.v] \
#   [file join $repo_dir rtl axis_async_fifo.v] \
# ]
# add_files -fileset sources_1 $rtl_files
# set sv_files [lsearch -all -inline $rtl_files *.sv]
# if {[llength $sv_files] > 0} {
#   set_property file_type SystemVerilog [get_files $sv_files]
# }
# update_compile_order -fileset sources_1
# create_bd_design $bd_name
Wrote  : </home/user/tr_hw_300_dual_bd_20260629/vivado_hw/traffic_replay_hw.srcs/sources_1/bd/traffic_replay_bd/traffic_replay_bd.bd> 
# current_bd_design $bd_name
# set const_idx 0
# set enable_debug_ila 0
# if {[info exists ::env(TRAFFIC_REPLAY_ENABLE_ILA)] && $::env(TRAFFIC_REPLAY_ENABLE_ILA) ne ""} {
#   set enable_debug_ila $::env(TRAFFIC_REPLAY_ENABLE_ILA)
# }
# proc bd_pin_list {names} {
#   set pins [list]
#   foreach name $names {
#     lappend pins [get_bd_pins $name]
#   }
#   return $pins
# }
# proc add_const {name width value} {
#   if {[llength [get_bd_cells -quiet $name]] == 0} {
#     create_bd_cell -type ip -vlnv xilinx.com:ip:xlconstant $name
#     set_property -dict [list CONFIG.CONST_WIDTH $width CONFIG.CONST_VAL $value] [get_bd_cells $name]
#   }
#   return [get_bd_pins $name/dout]
# }
# proc connect_const {pin width value} {
#   if {[llength [get_bd_pins -quiet $pin]] == 0} {
#     return
#   }
#   global const_idx
#   set cname [format "c%03d" $const_idx]
#   incr const_idx
#   connect_bd_net [add_const $cname $width $value] [get_bd_pins $pin]
# }
# proc create_const_port {port_name width value} {
#   if {[llength [get_bd_ports -quiet $port_name]] == 0} {
#     if {$width == 1} {
#       create_bd_port -dir O $port_name
#     } else {
#       create_bd_port -dir O -from [expr {$width - 1}] -to 0 $port_name
#     }
#   }
#   set cname ${port_name}_const
#   connect_bd_net [add_const $cname $width $value] [get_bd_ports $port_name]
# }
# proc try_board_intf {ip_intf board_intf} {
#   set rc [catch {apply_board_connection -board_interface $board_intf -ip_intf $ip_intf -diagram [current_bd_design]} msg]
#   if {$rc != 0} {
#     puts "WARN: apply_board_connection failed for $ip_intf -> $board_intf: $msg"
#     if {[llength [get_bd_intf_pins -quiet $ip_intf]] > 0} {
#       make_bd_intf_pins_external [get_bd_intf_pins $ip_intf]
#     }
#   }
# }
# proc try_board_pin {pin board_intf} {
#   if {[llength [get_bd_pins -quiet $pin]] == 0} {
#     return
#   }
#   set rc [catch {
#     apply_bd_automation -rule xilinx.com:bd_rule:board \
#       -config [list Board_Interface $board_intf Manual_Source Auto] \
#       [get_bd_pins $pin]
#   } msg]
#   if {$rc != 0} {
#     puts "WARN: apply_bd_automation failed for $pin -> $board_intf: $msg"
#     try_make_pin_external $pin $board_intf
#   }
# }
# proc try_make_pin_external {pin name} {
#   if {[llength [get_bd_pins -quiet $pin]] == 0} {
#     return
#   }
#   set bd_pin [get_bd_pins $pin]
#   set port_name $name
#   if {$port_name eq ""} {
#     set port_name [string map {/ _ . _} $pin]
#   }
#   set pin_dir [get_property DIR $bd_pin]
#   set port_dir I
#   if {$pin_dir eq "O"} {
#     set port_dir O
#   } elseif {$pin_dir eq "IO"} {
#     set port_dir IO
#   }
#   set pin_type [get_property TYPE $bd_pin]
#   set args [list -dir $port_dir]
#   if {$pin_type eq "clk"} {
#     lappend args -type clk -freq_hz 100000000
#   } elseif {$pin_type eq "rst"} {
#     lappend args -type rst
#   }
#   set port [create_bd_port {*}$args $port_name]
#   connect_bd_net $port $bd_pin
# }
# proc configure_cmac_cell {cell eth_board refclk_board core_select gt_group} {
#   set_property -dict [list \
#     CONFIG.ETHERNET_BOARD_INTERFACE $eth_board \
#     CONFIG.DIFFCLK_BOARD_INTERFACE $refclk_board \
#     CONFIG.GT_TYPE {GTY} \
#     CONFIG.CMAC_CAUI4_MODE {1} \
#     CONFIG.NUM_LANES {4x25} \
#     CONFIG.CMAC_CORE_SELECT $core_select \
#     CONFIG.GT_GROUP_SELECT $gt_group \
#     CONFIG.GT_REF_CLK_FREQ {161.1328125} \
#     CONFIG.USER_INTERFACE {AXIS} \
#     CONFIG.INCLUDE_SHARED_LOGIC {2} \
#     CONFIG.INCLUDE_RS_FEC {0} \
#     CONFIG.TX_FLOW_CONTROL {0} \
#     CONFIG.RX_FLOW_CONTROL {0} \
#     CONFIG.TX_FRAME_CRC_CHECKING {Enable FCS Insertion} \
#     CONFIG.RX_FRAME_CRC_CHECKING {Enable FCS Stripping} \
#     CONFIG.TX_IPG_VALUE {12} \
#   ] [get_bd_cells $cell]
# }
# proc connect_cmac_const_pins {cell} {
#   connect_const $cell/gtwiz_reset_tx_datapath 1 0
#   connect_const $cell/gtwiz_reset_rx_datapath 1 0
#   connect_const $cell/gt_loopback_in 12 0
#   connect_const $cell/ctl_tx_enable 1 1
#   connect_const $cell/ctl_rx_enable 1 1
#   connect_const $cell/ctl_tx_send_idle 1 0
#   connect_const $cell/ctl_tx_send_lfi 1 0
#   connect_const $cell/ctl_tx_send_rfi 1 0
#   connect_const $cell/ctl_tx_test_pattern 1 0
#   connect_const $cell/ctl_rx_force_resync 1 0
#   connect_const $cell/ctl_rx_test_pattern 1 0
#   connect_const $cell/tx_preamblein 56 0
#   connect_const $cell/drp_addr 10 0
#   connect_const $cell/drp_di 16 0
#   connect_const $cell/drp_en 1 0
#   connect_const $cell/drp_we 1 0
# 
#   foreach pin [list \
#     ctl_tx_pause_enable ctl_tx_pause_req ctl_tx_resend_pause \
#     ctl_rx_pause_ack ctl_rx_pause_enable \
#   ] {
#     connect_const $cell/$pin 9 0
#   }
# 
#   foreach pin [list \
#     ctl_tx_pause_quanta0 ctl_tx_pause_quanta1 ctl_tx_pause_quanta2 \
#     ctl_tx_pause_quanta3 ctl_tx_pause_quanta4 ctl_tx_pause_quanta5 \
#     ctl_tx_pause_quanta6 ctl_tx_pause_quanta7 ctl_tx_pause_quanta8 \
#     ctl_tx_pause_refresh_timer0 ctl_tx_pause_refresh_timer1 ctl_tx_pause_refresh_timer2 \
#     ctl_tx_pause_refresh_timer3 ctl_tx_pause_refresh_timer4 ctl_tx_pause_refresh_timer5 \
#     ctl_tx_pause_refresh_timer6 ctl_tx_pause_refresh_timer7 ctl_tx_pause_refresh_timer8 \
#   ] {
#     connect_const $cell/$pin 16 0
#   }
# }
# create_bd_cell -type module -reference traffic_replay_bd_core replay_core_0
INFO: [IP_Flow 19-5107] Inferred bus interface 'clk' of definition 'xilinx.com:signal:clock:1.0' (from X_INTERFACE_INFO parameter from HDL file).
INFO: [IP_Flow 19-5107] Inferred bus interface 'clk' of definition 'xilinx.com:signal:clock:1.0' (from 'X_INTERFACE_INFO' attribute).
INFO: [IP_Flow 19-5107] Inferred bus interface 'resetn' of definition 'xilinx.com:signal:reset:1.0' (from X_INTERFACE_INFO parameter from HDL file).
INFO: [IP_Flow 19-5107] Inferred bus interface 'resetn' of definition 'xilinx.com:signal:reset:1.0' (from 'X_INTERFACE_INFO' attribute).
INFO: [IP_Flow 19-5107] Inferred bus interface 'S_AXIL' of definition 'xilinx.com:interface:aximm:1.0' (from X_INTERFACE_INFO parameter from HDL file).
INFO: [IP_Flow 19-5107] Inferred bus interface 'S_AXIL' of definition 'xilinx.com:interface:aximm:1.0' (from 'X_INTERFACE_INFO' attribute).
INFO: [IP_Flow 19-5107] Inferred bus interface 'M_AXI' of definition 'xilinx.com:interface:aximm:1.0' (from X_INTERFACE_INFO parameter from HDL file).
INFO: [IP_Flow 19-5107] Inferred bus interface 'M_AXI' of definition 'xilinx.com:interface:aximm:1.0' (from 'X_INTERFACE_INFO' attribute).
INFO: [IP_Flow 19-5107] Inferred bus interface 'M_TX_AXIS' of definition 'xilinx.com:interface:axis:1.0' (from X_INTERFACE_INFO parameter from HDL file).
INFO: [IP_Flow 19-5107] Inferred bus interface 'M_TX_AXIS' of definition 'xilinx.com:interface:axis:1.0' (from 'X_INTERFACE_INFO' attribute).
INFO: [IP_Flow 19-4728] Bus Interface 'clk': Added interface parameter 'ASSOCIATED_BUSIF' with value 'S_AXIL'.
INFO: [IP_Flow 19-4728] Bus Interface 'clk': Added interface parameter 'ASSOCIATED_RESET' with value 'resetn'.
INFO: [IP_Flow 19-4728] Bus Interface 'clk': Added interface parameter 'FREQ_HZ' with value '300000000'.
INFO: [IP_Flow 19-4728] Bus Interface 'resetn': Added interface parameter 'POLARITY' with value 'ACTIVE_LOW'.
INFO: [IP_Flow 19-4728] Bus Interface 'S_AXIL': Added interface parameter 'PROTOCOL' with value 'AXI4LITE'.
INFO: [IP_Flow 19-4728] Bus Interface 'S_AXIL': Added interface parameter 'DATA_WIDTH' with value '32'.
INFO: [IP_Flow 19-4728] Bus Interface 'S_AXIL': Added interface parameter 'ADDR_WIDTH' with value '16'.
INFO: [IP_Flow 19-4728] Bus Interface 'S_AXIL': Added interface parameter 'HAS_BURST' with value '0'.
INFO: [IP_Flow 19-4728] Bus Interface 'S_AXIL': Added interface parameter 'HAS_LOCK' with value '0'.
INFO: [IP_Flow 19-4728] Bus Interface 'S_AXIL': Added interface parameter 'HAS_PROT' with value '0'.
INFO: [IP_Flow 19-4728] Bus Interface 'S_AXIL': Added interface parameter 'HAS_CACHE' with value '0'.
INFO: [IP_Flow 19-4728] Bus Interface 'S_AXIL': Added interface parameter 'HAS_QOS' with value '0'.
INFO: [IP_Flow 19-4728] Bus Interface 'S_AXIL': Added interface parameter 'HAS_REGION' with value '0'.
INFO: [IP_Flow 19-4728] Bus Interface 'S_AXIL': Added interface parameter 'SUPPORTS_NARROW_BURST' with value '0'.
INFO: [IP_Flow 19-4728] Bus Interface 'M_AXI': Added interface parameter 'PROTOCOL' with value 'AXI4'.
INFO: [IP_Flow 19-4728] Bus Interface 'M_AXI': Added interface parameter 'DATA_WIDTH' with value '512'.
INFO: [IP_Flow 19-4728] Bus Interface 'M_AXI': Added interface parameter 'ADDR_WIDTH' with value '64'.
INFO: [IP_Flow 19-4728] Bus Interface 'M_AXI': Added interface parameter 'ID_WIDTH' with value '4'.
INFO: [IP_Flow 19-4728] Bus Interface 'M_AXI': Added interface parameter 'HAS_BURST' with value '1'.
INFO: [IP_Flow 19-4728] Bus Interface 'M_AXI': Added interface parameter 'HAS_LOCK' with value '1'.
INFO: [IP_Flow 19-4728] Bus Interface 'M_AXI': Added interface parameter 'HAS_PROT' with value '1'.
INFO: [IP_Flow 19-4728] Bus Interface 'M_AXI': Added interface parameter 'HAS_CACHE' with value '1'.
INFO: [IP_Flow 19-4728] Bus Interface 'M_AXI': Added interface parameter 'HAS_QOS' with value '1'.
INFO: [IP_Flow 19-4728] Bus Interface 'M_AXI': Added interface parameter 'HAS_REGION' with value '0'.
INFO: [IP_Flow 19-4728] Bus Interface 'M_AXI': Added interface parameter 'SUPPORTS_NARROW_BURST' with value '0'.
INFO: [IP_Flow 19-4728] Bus Interface 'M_AXI': Added interface parameter 'MAX_BURST_LENGTH' with value '256'.
INFO: [IP_Flow 19-4728] Bus Interface 'M_TX_AXIS': Added interface parameter 'TDATA_NUM_BYTES' with value '64'.
INFO: [IP_Flow 19-4728] Bus Interface 'M_TX_AXIS': Added interface parameter 'TUSER_WIDTH' with value '1'.
INFO: [IP_Flow 19-4728] Bus Interface 'M_TX_AXIS': Added interface parameter 'HAS_TKEEP' with value '1'.
INFO: [IP_Flow 19-4728] Bus Interface 'M_TX_AXIS': Added interface parameter 'HAS_TLAST' with value '1'.
INFO: [IP_Flow 19-4728] Bus Interface 'M_TX_AXIS': Added interface parameter 'HAS_TREADY' with value '1'.
INFO: [IP_Flow 19-7067] Note that bus interface 'clk' has a fixed FREQ_HZ of '300000000'. This value will be respected whenever this IP is instantiated in IP Integrator.
INFO: [IP_Flow 19-234] Refreshing IP repositories
INFO: [IP_Flow 19-1704] No user IP repositories specified
# create_bd_cell -type module -reference rx_capture_bd_core rx_cap_0
INFO: [IP_Flow 19-5107] Inferred bus interface 'clk' of definition 'xilinx.com:signal:clock:1.0' (from X_INTERFACE_INFO parameter from HDL file).
INFO: [IP_Flow 19-5107] Inferred bus interface 'clk' of definition 'xilinx.com:signal:clock:1.0' (from 'X_INTERFACE_INFO' attribute).
INFO: [IP_Flow 19-5107] Inferred bus interface 'resetn' of definition 'xilinx.com:signal:reset:1.0' (from X_INTERFACE_INFO parameter from HDL file).
INFO: [IP_Flow 19-5107] Inferred bus interface 'resetn' of definition 'xilinx.com:signal:reset:1.0' (from 'X_INTERFACE_INFO' attribute).
INFO: [IP_Flow 19-5107] Inferred bus interface 'rx_clk' of definition 'xilinx.com:signal:clock:1.0' (from X_INTERFACE_INFO parameter from HDL file).
INFO: [IP_Flow 19-5107] Inferred bus interface 'rx_clk' of definition 'xilinx.com:signal:clock:1.0' (from 'X_INTERFACE_INFO' attribute).
INFO: [IP_Flow 19-5107] Inferred bus interface 'rx_resetn' of definition 'xilinx.com:signal:reset:1.0' (from X_INTERFACE_INFO parameter from HDL file).
INFO: [IP_Flow 19-5107] Inferred bus interface 'rx_resetn' of definition 'xilinx.com:signal:reset:1.0' (from 'X_INTERFACE_INFO' attribute).
INFO: [IP_Flow 19-5107] Inferred bus interface 'S_AXIL' of definition 'xilinx.com:interface:aximm:1.0' (from X_INTERFACE_INFO parameter from HDL file).
INFO: [IP_Flow 19-5107] Inferred bus interface 'S_AXIL' of definition 'xilinx.com:interface:aximm:1.0' (from 'X_INTERFACE_INFO' attribute).
INFO: [IP_Flow 19-5107] Inferred bus interface 'M_AXI' of definition 'xilinx.com:interface:aximm:1.0' (from X_INTERFACE_INFO parameter from HDL file).
INFO: [IP_Flow 19-5107] Inferred bus interface 'M_AXI' of definition 'xilinx.com:interface:aximm:1.0' (from 'X_INTERFACE_INFO' attribute).
INFO: [IP_Flow 19-5107] Inferred bus interface 'S_RX_AXIS' of definition 'xilinx.com:interface:axis:1.0' (from X_INTERFACE_INFO parameter from HDL file).
INFO: [IP_Flow 19-5107] Inferred bus interface 'S_RX_AXIS' of definition 'xilinx.com:interface:axis:1.0' (from 'X_INTERFACE_INFO' attribute).
INFO: [IP_Flow 19-4728] Bus Interface 'clk': Added interface parameter 'ASSOCIATED_BUSIF' with value 'S_AXIL'.
INFO: [IP_Flow 19-4728] Bus Interface 'clk': Added interface parameter 'ASSOCIATED_RESET' with value 'resetn'.
INFO: [IP_Flow 19-4728] Bus Interface 'rx_clk': Added interface parameter 'ASSOCIATED_RESET' with value 'rx_resetn'.
INFO: [IP_Flow 19-4728] Bus Interface 'clk': Added interface parameter 'FREQ_HZ' with value '300000000'.
INFO: [IP_Flow 19-4728] Bus Interface 'resetn': Added interface parameter 'POLARITY' with value 'ACTIVE_LOW'.
INFO: [IP_Flow 19-4728] Bus Interface 'rx_clk': Added interface parameter 'ASSOCIATED_BUSIF' with value 'S_RX_AXIS'.
INFO: [IP_Flow 19-4728] Bus Interface 'rx_resetn': Added interface parameter 'POLARITY' with value 'ACTIVE_LOW'.
INFO: [IP_Flow 19-4728] Bus Interface 'S_AXIL': Added interface parameter 'PROTOCOL' with value 'AXI4LITE'.
INFO: [IP_Flow 19-4728] Bus Interface 'S_AXIL': Added interface parameter 'DATA_WIDTH' with value '32'.
INFO: [IP_Flow 19-4728] Bus Interface 'S_AXIL': Added interface parameter 'ADDR_WIDTH' with value '16'.
INFO: [IP_Flow 19-4728] Bus Interface 'S_AXIL': Added interface parameter 'HAS_BURST' with value '0'.
INFO: [IP_Flow 19-4728] Bus Interface 'S_AXIL': Added interface parameter 'HAS_LOCK' with value '0'.
INFO: [IP_Flow 19-4728] Bus Interface 'S_AXIL': Added interface parameter 'HAS_PROT' with value '0'.
INFO: [IP_Flow 19-4728] Bus Interface 'S_AXIL': Added interface parameter 'HAS_CACHE' with value '0'.
INFO: [IP_Flow 19-4728] Bus Interface 'S_AXIL': Added interface parameter 'HAS_QOS' with value '0'.
INFO: [IP_Flow 19-4728] Bus Interface 'S_AXIL': Added interface parameter 'HAS_REGION' with value '0'.
INFO: [IP_Flow 19-4728] Bus Interface 'S_AXIL': Added interface parameter 'SUPPORTS_NARROW_BURST' with value '0'.
INFO: [IP_Flow 19-4728] Bus Interface 'M_AXI': Added interface parameter 'PROTOCOL' with value 'AXI4'.
INFO: [IP_Flow 19-4728] Bus Interface 'M_AXI': Added interface parameter 'DATA_WIDTH' with value '512'.
INFO: [IP_Flow 19-4728] Bus Interface 'M_AXI': Added interface parameter 'ADDR_WIDTH' with value '64'.
INFO: [IP_Flow 19-4728] Bus Interface 'M_AXI': Added interface parameter 'ID_WIDTH' with value '4'.
INFO: [IP_Flow 19-4728] Bus Interface 'M_AXI': Added interface parameter 'HAS_BURST' with value '1'.
INFO: [IP_Flow 19-4728] Bus Interface 'M_AXI': Added interface parameter 'HAS_LOCK' with value '1'.
INFO: [IP_Flow 19-4728] Bus Interface 'M_AXI': Added interface parameter 'HAS_PROT' with value '1'.
INFO: [IP_Flow 19-4728] Bus Interface 'M_AXI': Added interface parameter 'HAS_CACHE' with value '1'.
INFO: [IP_Flow 19-4728] Bus Interface 'M_AXI': Added interface parameter 'HAS_QOS' with value '1'.
INFO: [IP_Flow 19-4728] Bus Interface 'M_AXI': Added interface parameter 'HAS_REGION' with value '0'.
INFO: [IP_Flow 19-4728] Bus Interface 'M_AXI': Added interface parameter 'SUPPORTS_NARROW_BURST' with value '0'.
INFO: [IP_Flow 19-4728] Bus Interface 'M_AXI': Added interface parameter 'MAX_BURST_LENGTH' with value '256'.
INFO: [IP_Flow 19-4728] Bus Interface 'S_RX_AXIS': Added interface parameter 'TDATA_NUM_BYTES' with value '64'.
INFO: [IP_Flow 19-4728] Bus Interface 'S_RX_AXIS': Added interface parameter 'TUSER_WIDTH' with value '1'.
INFO: [IP_Flow 19-4728] Bus Interface 'S_RX_AXIS': Added interface parameter 'HAS_TKEEP' with value '1'.
INFO: [IP_Flow 19-4728] Bus Interface 'S_RX_AXIS': Added interface parameter 'HAS_TLAST' with value '1'.
INFO: [IP_Flow 19-4728] Bus Interface 'S_RX_AXIS': Added interface parameter 'HAS_TREADY' with value '0'.
INFO: [IP_Flow 19-7067] Note that bus interface 'clk' has a fixed FREQ_HZ of '300000000'. This value will be respected whenever this IP is instantiated in IP Integrator.
INFO: [IP_Flow 19-234] Refreshing IP repositories
INFO: [IP_Flow 19-1704] No user IP repositories specified
# if {$enable_port1} {
#   create_bd_cell -type module -reference traffic_replay_bd_core replay_core_1
#   create_bd_cell -type module -reference rx_capture_bd_core rx_cap_1
# }
# create_bd_cell -type ip -vlnv xilinx.com:ip:xdma xdma_0
INFO: [Device 21-403] Loading part xcu200-fsgd2104-2-e
xit::create_sub_core: Time (s): cpu = 00:00:07 ; elapsed = 00:00:15 . Memory (MB): peak = 2900.742 ; gain = 464.875 ; free physical = 106529 ; free virtual = 123079
create_bd_cell: Time (s): cpu = 00:00:15 ; elapsed = 00:00:24 . Memory (MB): peak = 2948.609 ; gain = 512.742 ; free physical = 106484 ; free virtual = 123034
# set_property -dict [list \
#   CONFIG.PCIE_BOARD_INTERFACE {pci_express_x16} \
#   CONFIG.SYS_RST_N_BOARD_INTERFACE {pcie_perstn} \
#   CONFIG.pl_link_cap_max_link_speed {8.0_GT/s} \
#   CONFIG.pl_link_cap_max_link_width {X16} \
#   CONFIG.mode_selection {Advanced} \
#   CONFIG.en_gt_selection {true} \
#   CONFIG.select_quad {GTY_Quad_227} \
#   CONFIG.vendor_id {10EE} \
#   CONFIG.pf0_device_id {903F} \
#   CONFIG.pf0_class_code {058000} \
#   CONFIG.pf0_class_code_base {05} \
#   CONFIG.pf0_class_code_sub {80} \
#   CONFIG.pf0_class_code_interface {00} \
#   CONFIG.pf0_subsystem_vendor_id {10EE} \
#   CONFIG.pf0_subsystem_id {0007} \
#   CONFIG.tl_pf_enable_reg {1} \
#   CONFIG.axi_data_width {512_bit} \
#   CONFIG.axi_addr_width {64} \
#   CONFIG.axi_id_width {4} \
#   CONFIG.axisten_freq {250} \
#   CONFIG.axilite_master_en {true} \
#   CONFIG.axilite_master_size {1} \
#   CONFIG.axilite_master_scale {Megabytes} \
#   CONFIG.xdma_rnum_chnl {1} \
#   CONFIG.xdma_wnum_chnl {1} \
# ] [get_bd_cells xdma_0]
# create_bd_cell -type ip -vlnv xilinx.com:ip:util_ds_buf pcie_refclk_buf
# set_property -dict [list CONFIG.C_BUF_TYPE {IBUFDSGTE}] [get_bd_cells pcie_refclk_buf]
# create_bd_cell -type ip -vlnv xilinx.com:ip:ddr4 ddr4_0
create_bd_cell: Time (s): cpu = 00:00:08 ; elapsed = 00:00:24 . Memory (MB): peak = 3295.328 ; gain = 334.508 ; free physical = 106175 ; free virtual = 122726
# set_property -dict [list \
#   CONFIG.C0_DDR4_BOARD_INTERFACE {ddr4_sdram_c0} \
#   CONFIG.C0_CLOCK_BOARD_INTERFACE {default_300mhz_clk0} \
#   CONFIG.ADDN_UI_CLKOUT1_FREQ_HZ {100} \
#   CONFIG.C0.BANK_GROUP_WIDTH {2} \
#   CONFIG.C0.CKE_WIDTH {1} \
#   CONFIG.C0.CS_WIDTH {1} \
#   CONFIG.C0.ODT_WIDTH {1} \
#   CONFIG.C0.ControllerType {DDR4_SDRAM} \
#   CONFIG.C0.DDR4_AxiAddressWidth {34} \
#   CONFIG.C0.DDR4_AxiDataWidth {512} \
#   CONFIG.C0.DDR4_AxiIDWidth {4} \
#   CONFIG.C0.DDR4_CLKOUT0_DIVIDE {5} \
#   CONFIG.C0.DDR4_CasLatency {17} \
#   CONFIG.C0.DDR4_CasWriteLatency {12} \
#   CONFIG.C0.DDR4_DataMask {NONE} \
#   CONFIG.C0.DDR4_DataWidth {72} \
#   CONFIG.C0.DDR4_Ecc {true} \
#   CONFIG.C0.DDR4_InputClockPeriod {3332} \
#   CONFIG.C0.DDR4_MemoryPart {MTA18ASF2G72PZ-2G3} \
#   CONFIG.C0.DDR4_MemoryType {RDIMMs} \
#   CONFIG.C0.DDR4_TimePeriod {833} \
#   CONFIG.C0.DDR4_AUTO_AP_COL_A3 {true} \
#   CONFIG.C0.DDR4_Mem_Add_Map {ROW_COLUMN_BANK_INTLV} \
# ] [get_bd_cells ddr4_0]
# create_bd_cell -type ip -vlnv xilinx.com:ip:smartconnect host_smc
# set_property -dict [list CONFIG.NUM_SI {1} CONFIG.NUM_MI {1}] [get_bd_cells host_smc]
# create_bd_cell -type ip -vlnv xilinx.com:ip:smartconnect ddr_smc
# set ddr_smc_si_count [expr {$enable_port1 ? 5 : 3}]
# set_property -dict [list CONFIG.NUM_SI $ddr_smc_si_count CONFIG.NUM_MI {1}] [get_bd_cells ddr_smc]
# create_bd_cell -type ip -vlnv xilinx.com:ip:smartconnect ctrl_smc
# set ctrl_smc_mi_count [expr {$enable_port1 ? 5 : 3}]
# set_property -dict [list CONFIG.NUM_SI {1} CONFIG.NUM_MI $ctrl_smc_mi_count] [get_bd_cells ctrl_smc]
# create_bd_cell -type ip -vlnv xilinx.com:ip:axi_clock_converter xdma_to_ddr_cc
# set_property -dict [list CONFIG.PROTOCOL {AXI4} CONFIG.DATA_WIDTH {512} CONFIG.ADDR_WIDTH {64} CONFIG.ID_WIDTH {4}] [get_bd_cells xdma_to_ddr_cc]
# create_bd_cell -type ip -vlnv xilinx.com:ip:axi_clock_converter axil_ctrl_cc
# set_property -dict [list CONFIG.PROTOCOL {AXI4LITE} CONFIG.DATA_WIDTH {32}] [get_bd_cells axil_ctrl_cc]
# create_bd_cell -type ip -vlnv xilinx.com:ip:axi_register_slice ctrl_ddr_regslice
# set_property -dict [list CONFIG.PROTOCOL {AXI4LITE} CONFIG.DATA_WIDTH {32}] [get_bd_cells ctrl_ddr_regslice]
# create_bd_cell -type module -reference axis_async_fifo tx_axis_fifo_0
WARNING: [IP_Flow 19-587] [HDL Parser] HDL port or parameter 'ram_dout' has a dependency on the module local parameter or undefined parameter 'PAYLOAD_W'.
WARNING: [IP_Flow 19-587] [HDL Parser] HDL port or parameter 'wr_bin' has a dependency on the module local parameter or undefined parameter 'PTR_W'.
WARNING: [IP_Flow 19-587] [HDL Parser] HDL port or parameter 'wr_gray' has a dependency on the module local parameter or undefined parameter 'PTR_W'.
WARNING: [IP_Flow 19-587] [HDL Parser] HDL port or parameter 'rd_bin' has a dependency on the module local parameter or undefined parameter 'PTR_W'.
WARNING: [IP_Flow 19-587] [HDL Parser] HDL port or parameter 'rd_gray' has a dependency on the module local parameter or undefined parameter 'PTR_W'.
WARNING: [IP_Flow 19-587] [HDL Parser] HDL port or parameter 'rd_gray_wclk_1' has a dependency on the module local parameter or undefined parameter 'PTR_W'.
WARNING: [IP_Flow 19-587] [HDL Parser] HDL port or parameter 'rd_gray_wclk_2' has a dependency on the module local parameter or undefined parameter 'PTR_W'.
WARNING: [IP_Flow 19-587] [HDL Parser] HDL port or parameter 'wr_gray_rclk_1' has a dependency on the module local parameter or undefined parameter 'PTR_W'.
WARNING: [IP_Flow 19-587] [HDL Parser] HDL port or parameter 'wr_gray_rclk_2' has a dependency on the module local parameter or undefined parameter 'PTR_W'.
WARNING: [IP_Flow 19-587] [HDL Parser] HDL port or parameter 'rd_valid_pipe' has a dependency on the module local parameter or undefined parameter 'READ_PIPE_LEN'.
INFO: [IP_Flow 19-1976] HDL Parser: Replacing 'OUT_PTR_W' by 2 for port or parameter 'out_wr_ptr'
INFO: [IP_Flow 19-1976] HDL Parser: Replacing 'OUT_PTR_W' by 2 for port or parameter 'out_rd_ptr'
INFO: [IP_Flow 19-1976] HDL Parser: Replacing 'OUT_COUNT_W' by 3 for port or parameter 'out_count'
INFO: [IP_Flow 19-1976] HDL Parser: Replacing 'OUT_DEPTH' by 4 for port or parameter 'out_mem'
WARNING: [IP_Flow 19-587] [HDL Parser] HDL port or parameter 'ram_return_valid' has a dependency on the module local parameter or undefined parameter 'READ_PIPE_LEN'.
INFO: [IP_Flow 19-1976] HDL Parser: Replacing 'OUT_COUNT_W' by 3 for port or parameter 'outstanding_count'
INFO: [IP_Flow 19-1976] HDL Parser: Replacing 'OUT_COUNT_W' by 3 for port or parameter 'outstanding_count'
INFO: [IP_Flow 19-1976] HDL Parser: Replacing 'OUT_COUNT_W' by 3 for port or parameter 'total_buffered'
INFO: [IP_Flow 19-1976] HDL Parser: Replacing 'OUT_DEPTH' by 4 for port or parameter 'rd_issue'
WARNING: [IP_Flow 19-587] [HDL Parser] HDL port or parameter 'wr_bin_next' has a dependency on the module local parameter or undefined parameter 'PTR_W'.
WARNING: [IP_Flow 19-587] [HDL Parser] HDL port or parameter 'wr_bin_next' has a dependency on the module local parameter or undefined parameter 'PTR_W'.
WARNING: [IP_Flow 19-587] [HDL Parser] HDL port or parameter 'rd_bin_next' has a dependency on the module local parameter or undefined parameter 'PTR_W'.
WARNING: [IP_Flow 19-587] [HDL Parser] HDL port or parameter 'rd_bin_next' has a dependency on the module local parameter or undefined parameter 'PTR_W'.
WARNING: [IP_Flow 19-587] [HDL Parser] HDL port or parameter 'wr_gray_next' has a dependency on the module local parameter or undefined parameter 'PTR_W'.
WARNING: [IP_Flow 19-587] [HDL Parser] HDL port or parameter 'rd_gray_next' has a dependency on the module local parameter or undefined parameter 'PTR_W'.
WARNING: [IP_Flow 19-587] [HDL Parser] HDL port or parameter 'wr_full_next' has a dependency on the module local parameter or undefined parameter 'PTR_W'.
INFO: [IP_Flow 19-5107] Inferred bus interface 's_clk' of definition 'xilinx.com:signal:clock:1.0' (from X_INTERFACE_INFO parameter from HDL file).
INFO: [IP_Flow 19-5107] Inferred bus interface 's_clk' of definition 'xilinx.com:signal:clock:1.0' (from 'X_INTERFACE_INFO' attribute).
INFO: [IP_Flow 19-5107] Inferred bus interface 's_resetn' of definition 'xilinx.com:signal:reset:1.0' (from X_INTERFACE_INFO parameter from HDL file).
INFO: [IP_Flow 19-5107] Inferred bus interface 's_resetn' of definition 'xilinx.com:signal:reset:1.0' (from 'X_INTERFACE_INFO' attribute).
INFO: [IP_Flow 19-5107] Inferred bus interface 'm_clk' of definition 'xilinx.com:signal:clock:1.0' (from X_INTERFACE_INFO parameter from HDL file).
INFO: [IP_Flow 19-5107] Inferred bus interface 'm_clk' of definition 'xilinx.com:signal:clock:1.0' (from 'X_INTERFACE_INFO' attribute).
INFO: [IP_Flow 19-5107] Inferred bus interface 'm_resetn' of definition 'xilinx.com:signal:reset:1.0' (from X_INTERFACE_INFO parameter from HDL file).
INFO: [IP_Flow 19-5107] Inferred bus interface 'm_resetn' of definition 'xilinx.com:signal:reset:1.0' (from 'X_INTERFACE_INFO' attribute).
INFO: [IP_Flow 19-5107] Inferred bus interface 'S_AXIS' of definition 'xilinx.com:interface:axis:1.0' (from X_INTERFACE_INFO parameter from HDL file).
INFO: [IP_Flow 19-5107] Inferred bus interface 'S_AXIS' of definition 'xilinx.com:interface:axis:1.0' (from 'X_INTERFACE_INFO' attribute).
INFO: [IP_Flow 19-5107] Inferred bus interface 'M_AXIS' of definition 'xilinx.com:interface:axis:1.0' (from X_INTERFACE_INFO parameter from HDL file).
INFO: [IP_Flow 19-5107] Inferred bus interface 'M_AXIS' of definition 'xilinx.com:interface:axis:1.0' (from 'X_INTERFACE_INFO' attribute).
INFO: [IP_Flow 19-4728] Bus Interface 's_clk': Added interface parameter 'ASSOCIATED_RESET' with value 's_resetn'.
INFO: [IP_Flow 19-4728] Bus Interface 'm_clk': Added interface parameter 'ASSOCIATED_RESET' with value 'm_resetn'.
INFO: [IP_Flow 19-4728] Bus Interface 's_clk': Added interface parameter 'ASSOCIATED_BUSIF' with value 'S_AXIS'.
INFO: [IP_Flow 19-4728] Bus Interface 's_resetn': Added interface parameter 'POLARITY' with value 'ACTIVE_LOW'.
INFO: [IP_Flow 19-4728] Bus Interface 'm_clk': Added interface parameter 'ASSOCIATED_BUSIF' with value 'M_AXIS'.
INFO: [IP_Flow 19-4728] Bus Interface 'm_resetn': Added interface parameter 'POLARITY' with value 'ACTIVE_LOW'.
INFO: [IP_Flow 19-4728] Bus Interface 'S_AXIS': Added interface parameter 'TDATA_NUM_BYTES' with value '64'.
INFO: [IP_Flow 19-4728] Bus Interface 'S_AXIS': Added interface parameter 'TUSER_WIDTH' with value '1'.
INFO: [IP_Flow 19-4728] Bus Interface 'S_AXIS': Added interface parameter 'HAS_TKEEP' with value '1'.
INFO: [IP_Flow 19-4728] Bus Interface 'S_AXIS': Added interface parameter 'HAS_TLAST' with value '1'.
INFO: [IP_Flow 19-4728] Bus Interface 'S_AXIS': Added interface parameter 'HAS_TREADY' with value '1'.
INFO: [IP_Flow 19-4728] Bus Interface 'M_AXIS': Added interface parameter 'TDATA_NUM_BYTES' with value '64'.
INFO: [IP_Flow 19-4728] Bus Interface 'M_AXIS': Added interface parameter 'TUSER_WIDTH' with value '1'.
INFO: [IP_Flow 19-4728] Bus Interface 'M_AXIS': Added interface parameter 'HAS_TKEEP' with value '1'.
INFO: [IP_Flow 19-4728] Bus Interface 'M_AXIS': Added interface parameter 'HAS_TLAST' with value '1'.
INFO: [IP_Flow 19-4728] Bus Interface 'M_AXIS': Added interface parameter 'HAS_TREADY' with value '1'.
INFO: [IP_Flow 19-818] Not transferring value dependency attribute "(spirit:decode(id('MODELPARAM_VALUE.DATA_W')) / 8)" into user parameter "KEEP_W".
INFO: [IP_Flow 19-234] Refreshing IP repositories
INFO: [IP_Flow 19-1704] No user IP repositories specified
# if {$enable_port1} {
#   create_bd_cell -type module -reference axis_async_fifo tx_axis_fifo_1
# }
# create_bd_cell -type ip -vlnv xilinx.com:ip:clk_wiz cmac_init_clk_wiz
# set_property -dict [list \
#   CONFIG.PRIM_IN_FREQ {300.000} \
#   CONFIG.CLKOUT1_REQUESTED_OUT_FREQ {125.000} \
#   CONFIG.CLKOUT1_USED {true} \
#   CONFIG.RESET_TYPE {ACTIVE_HIGH} \
# ] [get_bd_cells cmac_init_clk_wiz]
# create_bd_cell -type ip -vlnv xilinx.com:ip:proc_sys_reset rst_ddr
# create_bd_cell -type ip -vlnv xilinx.com:ip:proc_sys_reset rst_cmac_init
# set cmac_reset_cells [list cmac0_tx_resetn_inv cmac0_rx_resetn_inv]
# if {$enable_port1} {
#   lappend cmac_reset_cells cmac1_tx_resetn_inv cmac1_rx_resetn_inv
# }
# foreach rst_cell $cmac_reset_cells {
#   create_bd_cell -type ip -vlnv xilinx.com:ip:util_vector_logic $rst_cell
#   set_property -dict [list CONFIG.C_SIZE {1} CONFIG.C_OPERATION {not}] [get_bd_cells $rst_cell]
# }
# create_bd_cell -type ip -vlnv xilinx.com:ip:cmac_usplus cmac_0
create_bd_cell: Time (s): cpu = 00:00:07 ; elapsed = 00:00:07 . Memory (MB): peak = 3360.738 ; gain = 50.566 ; free physical = 106088 ; free virtual = 122639
# configure_cmac_cell cmac_0 qsfp0_4x qsfp0_161mhz CMACE4_X0Y6 X1Y48~X1Y51
# if {$enable_port1} {
#   create_bd_cell -type ip -vlnv xilinx.com:ip:cmac_usplus cmac_1
#   configure_cmac_cell cmac_1 qsfp1_4x qsfp1_161mhz CMACE4_X0Y5 X1Y44~X1Y47
# }
create_bd_cell: Time (s): cpu = 00:00:06 ; elapsed = 00:00:07 . Memory (MB): peak = 3369.645 ; gain = 5.938 ; free physical = 106081 ; free virtual = 122632
# if {$enable_debug_ila} {
#   create_bd_cell -type ip -vlnv xilinx.com:ip:xlslice cmac_tx_ila_tdata_low
#   set_property -dict [list \
#     CONFIG.DIN_WIDTH {512} \
#     CONFIG.DIN_FROM {31} \
#     CONFIG.DIN_TO {0} \
#     CONFIG.DOUT_WIDTH {32} \
#   ] [get_bd_cells cmac_tx_ila_tdata_low]
# 
#   create_bd_cell -type ip -vlnv xilinx.com:ip:ila cmac_tx_ila
#   set_property -dict [list \
#     CONFIG.C_DATA_DEPTH {1024} \
#     CONFIG.C_NUM_OF_PROBES {7} \
#     CONFIG.C_PROBE0_WIDTH {1} \
#     CONFIG.C_PROBE1_WIDTH {32} \
#     CONFIG.C_PROBE2_WIDTH {1} \
#     CONFIG.C_PROBE3_WIDTH {1} \
#     CONFIG.C_PROBE4_WIDTH {64} \
#     CONFIG.C_PROBE5_WIDTH {32} \
#     CONFIG.C_PROBE6_WIDTH {1} \
#   ] [get_bd_cells cmac_tx_ila]
# }
# try_board_intf xdma_0/pcie_mgt pci_express_x16
INFO: [BoardInterface 100-3] current_bd_design traffic_replay_bd
INFO: [BoardInterface 100-12] set_property CONFIG.PCIE_BOARD_INTERFACE pci_express_x16 [get_bd_cells -quiet /xdma_0]
INFO: [BoardInterface 100-108] create_bd_intf_port -mode Master -vlnv xilinx.com:interface:pcie_7x_mgt_rtl:1.0 pci_express_x16
INFO: [BoardInterface 100-109] connect_bd_intf_net /pci_express_x16 /xdma_0/pcie_mgt
# try_board_intf pcie_refclk_buf/CLK_IN_D pcie_refclk
INFO: [BoardInterface 100-3] current_bd_design traffic_replay_bd
INFO: [BoardInterface 100-10] set_property CONFIG.USE_BOARD_FLOW true [get_bd_cells -quiet /pcie_refclk_buf]
INFO: [BoardInterface 100-12] set_property CONFIG.DIFF_CLK_IN_BOARD_INTERFACE pcie_refclk [get_bd_cells -quiet /pcie_refclk_buf]
INFO: [BoardInterface 100-108] create_bd_intf_port -mode Slave -vlnv xilinx.com:interface:diff_clock_rtl:1.0 pcie_refclk
INFO: [BoardInterface 100-104] set_property CONFIG.FREQ_HZ 100000000 /pcie_refclk
INFO: [BoardInterface 100-109] connect_bd_intf_net /pcie_refclk /pcie_refclk_buf/CLK_IN_D
INFO: [BoardInterface 100-112] set_property CONFIG.FREQ_HZ 100000000 /pcie_refclk
# try_board_pin xdma_0/sys_rst_n pcie_perstn
INFO: [board_rule 100-100] set_property CONFIG.SYS_RST_N_BOARD_INTERFACE pcie_perstn [get_bd_cells /xdma_0]
INFO: [BoardRule 102-10] create_bd_port -dir I pcie_perstn -type rst
INFO: [BoardRule 102-7] set_property CONFIG.POLARITY ACTIVE_LOW /pcie_perstn
INFO: [BoardRule 102-15] connect_bd_net /pcie_perstn /xdma_0/sys_rst_n
INFO: [BoardRule 102-18] set_property CONFIG.POLARITY ACTIVE_LOW /pcie_perstn
# try_board_intf ddr4_0/C0_DDR4 ddr4_sdram_c0
INFO: [BoardInterface 100-3] current_bd_design traffic_replay_bd
INFO: [BoardInterface 100-12] set_property CONFIG.C0_DDR4_BOARD_INTERFACE ddr4_sdram_c0 [get_bd_cells -quiet /ddr4_0]
INFO: [BoardInterface 100-108] create_bd_intf_port -mode Master -vlnv xilinx.com:interface:ddr4_rtl:1.0 ddr4_sdram_c0
INFO: [BoardInterface 100-109] connect_bd_intf_net /ddr4_sdram_c0 /ddr4_0/C0_DDR4
# try_board_intf ddr4_0/C0_SYS_CLK default_300mhz_clk0
INFO: [BoardInterface 100-3] current_bd_design traffic_replay_bd
INFO: [BoardInterface 100-12] set_property CONFIG.C0_CLOCK_BOARD_INTERFACE default_300mhz_clk0 [get_bd_cells -quiet /ddr4_0]
INFO: [BoardInterface 100-108] create_bd_intf_port -mode Slave -vlnv xilinx.com:interface:diff_clock_rtl:1.0 default_300mhz_clk0
INFO: [BoardInterface 100-104] set_property CONFIG.FREQ_HZ 100000000 /default_300mhz_clk0
INFO: [BoardInterface 100-109] connect_bd_intf_net /default_300mhz_clk0 /ddr4_0/C0_SYS_CLK
INFO: [BoardInterface 100-112] set_property CONFIG.FREQ_HZ 300000000 /default_300mhz_clk0
# try_board_intf cmac_0/gt_serial_port qsfp0_4x
INFO: [BoardInterface 100-3] current_bd_design traffic_replay_bd
INFO: [BoardInterface 100-10] set_property CONFIG.USE_BOARD_FLOW true [get_bd_cells -quiet /cmac_0]
INFO: [BoardInterface 100-12] set_property CONFIG.ETHERNET_BOARD_INTERFACE qsfp0_4x [get_bd_cells -quiet /cmac_0]
INFO: [BoardInterface 100-108] create_bd_intf_port -mode Master -vlnv xilinx.com:interface:gt_rtl:1.0 qsfp0_4x
INFO: [BoardInterface 100-109] connect_bd_intf_net /qsfp0_4x /cmac_0/gt_serial_port
apply_board_connection: Time (s): cpu = 00:00:08 ; elapsed = 00:00:08 . Memory (MB): peak = 3433.238 ; gain = 17.844 ; free physical = 106018 ; free virtual = 122569
# try_board_intf cmac_0/gt_ref_clk qsfp0_161mhz
INFO: [BoardInterface 100-3] current_bd_design traffic_replay_bd
INFO: [BoardInterface 100-12] set_property CONFIG.DIFFCLK_BOARD_INTERFACE qsfp0_161mhz [get_bd_cells -quiet /cmac_0]
INFO: [BoardInterface 100-108] create_bd_intf_port -mode Slave -vlnv xilinx.com:interface:diff_clock_rtl:1.0 qsfp0_161mhz
INFO: [BoardInterface 100-104] set_property CONFIG.FREQ_HZ 161132812 /qsfp0_161mhz
INFO: [BoardInterface 100-109] connect_bd_intf_net /qsfp0_161mhz /cmac_0/gt_ref_clk
INFO: [BoardInterface 100-112] set_property CONFIG.FREQ_HZ 161132812 /qsfp0_161mhz
# if {$enable_port1} {
#   try_board_intf cmac_1/gt_serial_port qsfp1_4x
#   try_board_intf cmac_1/gt_ref_clk qsfp1_161mhz
# }
INFO: [BoardInterface 100-3] current_bd_design traffic_replay_bd
INFO: [BoardInterface 100-10] set_property CONFIG.USE_BOARD_FLOW true [get_bd_cells -quiet /cmac_1]
INFO: [BoardInterface 100-12] set_property CONFIG.ETHERNET_BOARD_INTERFACE qsfp1_4x [get_bd_cells -quiet /cmac_1]
INFO: [BoardInterface 100-108] create_bd_intf_port -mode Master -vlnv xilinx.com:interface:gt_rtl:1.0 qsfp1_4x
INFO: [BoardInterface 100-109] connect_bd_intf_net /qsfp1_4x /cmac_1/gt_serial_port
apply_board_connection: Time (s): cpu = 00:00:08 ; elapsed = 00:00:08 . Memory (MB): peak = 3436.207 ; gain = 2.969 ; free physical = 106016 ; free virtual = 122567
INFO: [BoardInterface 100-3] current_bd_design traffic_replay_bd
INFO: [BoardInterface 100-12] set_property CONFIG.DIFFCLK_BOARD_INTERFACE qsfp1_161mhz [get_bd_cells -quiet /cmac_1]
INFO: [BoardInterface 100-108] create_bd_intf_port -mode Slave -vlnv xilinx.com:interface:diff_clock_rtl:1.0 qsfp1_161mhz
INFO: [BoardInterface 100-104] set_property CONFIG.FREQ_HZ 161132812 /qsfp1_161mhz
INFO: [BoardInterface 100-109] connect_bd_intf_net /qsfp1_161mhz /cmac_1/gt_ref_clk
INFO: [BoardInterface 100-112] set_property CONFIG.FREQ_HZ 161132812 /qsfp1_161mhz
# create_const_port qsfp0_modsell 1 0
# create_const_port qsfp0_resetl 1 1
# create_const_port qsfp0_lpmode 1 0
# create_const_port qsfp0_refclk_reset 1 0
# create_const_port qsfp0_fs 2 2
# create_const_port qsfp1_modsell 1 0
# create_const_port qsfp1_resetl 1 1
# create_const_port qsfp1_lpmode 1 0
# create_const_port qsfp1_refclk_reset 1 0
# create_const_port qsfp1_fs 2 2
# connect_bd_net [get_bd_pins pcie_refclk_buf/IBUF_DS_ODIV2] [get_bd_pins xdma_0/sys_clk]
# connect_bd_net [get_bd_pins pcie_refclk_buf/IBUF_OUT] [get_bd_pins xdma_0/sys_clk_gt]
# connect_bd_net [get_bd_pins xdma_0/axi_aclk] [get_bd_pins host_smc/aclk] [get_bd_pins xdma_to_ddr_cc/s_axi_aclk] [get_bd_pins axil_ctrl_cc/s_axi_aclk]
# connect_bd_net [get_bd_pins xdma_0/axi_aresetn] [get_bd_pins host_smc/aresetn] [get_bd_pins xdma_to_ddr_cc/s_axi_aresetn] [get_bd_pins axil_ctrl_cc/s_axi_aresetn]
# set ddr_clk_pins [list \
#   ddr4_0/c0_ddr4_ui_clk \
#   ddr_smc/aclk \
#   ctrl_smc/aclk \
#   ctrl_ddr_regslice/aclk \
#   xdma_to_ddr_cc/m_axi_aclk \
#   axil_ctrl_cc/m_axi_aclk \
#   replay_core_0/clk \
#   rx_cap_0/clk \
#   tx_axis_fifo_0/s_clk \
#   cmac_init_clk_wiz/clk_in1 \
#   rst_ddr/slowest_sync_clk \
# ]
# if {$enable_port1} {
#   lappend ddr_clk_pins replay_core_1/clk rx_cap_1/clk tx_axis_fifo_1/s_clk
# }
# connect_bd_net {*}[bd_pin_list $ddr_clk_pins]
# connect_bd_net [get_bd_pins ddr4_0/c0_ddr4_ui_clk_sync_rst] [get_bd_pins rst_ddr/ext_reset_in] [get_bd_pins cmac_init_clk_wiz/reset]
# set ddr_resetn_pins [list \
#   rst_ddr/peripheral_aresetn \
#   ddr_smc/aresetn \
#   ctrl_smc/aresetn \
#   ctrl_ddr_regslice/aresetn \
#   xdma_to_ddr_cc/m_axi_aresetn \
#   axil_ctrl_cc/m_axi_aresetn \
#   replay_core_0/resetn \
#   rx_cap_0/resetn \
#   tx_axis_fifo_0/s_resetn \
#   ddr4_0/c0_ddr4_aresetn \
# ]
# if {$enable_port1} {
#   lappend ddr_resetn_pins replay_core_1/resetn rx_cap_1/resetn tx_axis_fifo_1/s_resetn
# }
# connect_bd_net {*}[bd_pin_list $ddr_resetn_pins]
# connect_bd_net [get_bd_pins cmac_0/gt_txusrclk2] [get_bd_pins tx_axis_fifo_0/m_clk] [get_bd_pins rx_cap_0/rx_clk] [get_bd_pins cmac_0/rx_clk]
# connect_bd_net [get_bd_pins cmac_0/usr_tx_reset] [get_bd_pins cmac0_tx_resetn_inv/Op1]
# connect_bd_net [get_bd_pins cmac_0/usr_rx_reset] [get_bd_pins cmac0_rx_resetn_inv/Op1]
# connect_bd_net [get_bd_pins cmac0_tx_resetn_inv/Res] [get_bd_pins tx_axis_fifo_0/m_resetn]
# connect_bd_net [get_bd_pins cmac0_rx_resetn_inv/Res] [get_bd_pins rx_cap_0/rx_resetn]
# if {$enable_port1} {
#   connect_bd_net [get_bd_pins cmac_1/gt_txusrclk2] [get_bd_pins tx_axis_fifo_1/m_clk] [get_bd_pins rx_cap_1/rx_clk] [get_bd_pins cmac_1/rx_clk]
#   connect_bd_net [get_bd_pins cmac_1/usr_tx_reset] [get_bd_pins cmac1_tx_resetn_inv/Op1]
#   connect_bd_net [get_bd_pins cmac_1/usr_rx_reset] [get_bd_pins cmac1_rx_resetn_inv/Op1]
#   connect_bd_net [get_bd_pins cmac1_tx_resetn_inv/Res] [get_bd_pins tx_axis_fifo_1/m_resetn]
#   connect_bd_net [get_bd_pins cmac1_rx_resetn_inv/Res] [get_bd_pins rx_cap_1/rx_resetn]
# }
# set cmac_init_clk_pins [list \
#   cmac_init_clk_wiz/clk_out1 \
#   cmac_0/init_clk \
#   cmac_0/drp_clk \
#   rst_cmac_init/slowest_sync_clk \
# ]
# if {$enable_port1} {
#   lappend cmac_init_clk_pins cmac_1/init_clk cmac_1/drp_clk
# }
# connect_bd_net {*}[bd_pin_list $cmac_init_clk_pins]
# connect_bd_net [get_bd_pins cmac_init_clk_wiz/locked] [get_bd_pins rst_cmac_init/dcm_locked]
# connect_bd_net [get_bd_pins rst_ddr/peripheral_reset] [get_bd_pins rst_cmac_init/ext_reset_in]
# set cmac_reset_pins [list \
#   rst_cmac_init/peripheral_reset \
#   cmac_0/sys_reset \
#   cmac_0/core_tx_reset \
#   cmac_0/core_rx_reset \
#   cmac_0/core_drp_reset \
# ]
# if {$enable_port1} {
#   lappend cmac_reset_pins cmac_1/sys_reset cmac_1/core_tx_reset cmac_1/core_rx_reset cmac_1/core_drp_reset
# }
# connect_bd_net {*}[bd_pin_list $cmac_reset_pins]
# connect_bd_net [get_bd_pins cmac_0/stat_rx_aligned] [get_bd_pins replay_core_0/link_up] [get_bd_pins rx_cap_0/link_up]
# if {$enable_port1} {
#   connect_bd_net [get_bd_pins cmac_1/stat_rx_aligned] [get_bd_pins replay_core_1/link_up] [get_bd_pins rx_cap_1/link_up]
# }
# connect_const tx_axis_fifo_0/m_axis_tready 1 1
# connect_const tx_axis_fifo_1/m_axis_tready 1 1
# if {$enable_debug_ila} {
#   connect_bd_net [get_bd_pins cmac_0/gt_txusrclk2] [get_bd_pins cmac_tx_ila/clk]
#   connect_bd_net [get_bd_pins tx_axis_fifo_0/m_axis_tvalid] [get_bd_pins cmac_tx_ila/probe0]
#   connect_bd_net [add_const cmac_tx_ila_tready_const 32 1] [get_bd_pins cmac_tx_ila/probe1]
#   connect_bd_net [get_bd_pins tx_axis_fifo_0/m_axis_tlast] [get_bd_pins cmac_tx_ila/probe2]
#   connect_bd_net [get_bd_pins tx_axis_fifo_0/m_axis_tuser] [get_bd_pins cmac_tx_ila/probe3]
#   connect_bd_net [get_bd_pins tx_axis_fifo_0/m_axis_tkeep] [get_bd_pins cmac_tx_ila/probe4]
#   connect_bd_net [get_bd_pins tx_axis_fifo_0/m_axis_tdata] [get_bd_pins cmac_tx_ila_tdata_low/Din]
#   connect_bd_net [get_bd_pins cmac_tx_ila_tdata_low/Dout] [get_bd_pins cmac_tx_ila/probe5]
#   connect_bd_net [get_bd_pins cmac_0/stat_rx_aligned] [get_bd_pins cmac_tx_ila/probe6]
# }
# connect_bd_intf_net [get_bd_intf_pins xdma_0/M_AXI] [get_bd_intf_pins host_smc/S00_AXI]
# connect_bd_intf_net [get_bd_intf_pins host_smc/M00_AXI] [get_bd_intf_pins xdma_to_ddr_cc/S_AXI]
# connect_bd_intf_net [get_bd_intf_pins xdma_to_ddr_cc/M_AXI] [get_bd_intf_pins ddr_smc/S00_AXI]
# connect_bd_intf_net [get_bd_intf_pins replay_core_0/M_AXI] [get_bd_intf_pins ddr_smc/S01_AXI]
# if {$enable_port1} {
#   connect_bd_intf_net [get_bd_intf_pins replay_core_1/M_AXI] [get_bd_intf_pins ddr_smc/S02_AXI]
#   connect_bd_intf_net [get_bd_intf_pins rx_cap_0/M_AXI] [get_bd_intf_pins ddr_smc/S03_AXI]
#   connect_bd_intf_net [get_bd_intf_pins rx_cap_1/M_AXI] [get_bd_intf_pins ddr_smc/S04_AXI]
# } else {
#   connect_bd_intf_net [get_bd_intf_pins rx_cap_0/M_AXI] [get_bd_intf_pins ddr_smc/S02_AXI]
# }
# connect_bd_intf_net [get_bd_intf_pins ddr_smc/M00_AXI] [get_bd_intf_pins ddr4_0/C0_DDR4_S_AXI]
# connect_bd_intf_net [get_bd_intf_pins xdma_0/M_AXI_LITE] [get_bd_intf_pins axil_ctrl_cc/S_AXI]
# connect_bd_intf_net [get_bd_intf_pins axil_ctrl_cc/M_AXI] [get_bd_intf_pins ctrl_smc/S00_AXI]
# connect_bd_intf_net [get_bd_intf_pins ctrl_smc/M00_AXI] [get_bd_intf_pins replay_core_0/S_AXIL]
# if {$enable_port1} {
#   connect_bd_intf_net [get_bd_intf_pins ctrl_smc/M01_AXI] [get_bd_intf_pins replay_core_1/S_AXIL]
#   connect_bd_intf_net [get_bd_intf_pins ctrl_smc/M02_AXI] [get_bd_intf_pins rx_cap_0/S_AXIL]
#   connect_bd_intf_net [get_bd_intf_pins ctrl_smc/M03_AXI] [get_bd_intf_pins rx_cap_1/S_AXIL]
#   connect_bd_intf_net [get_bd_intf_pins ctrl_smc/M04_AXI] [get_bd_intf_pins ctrl_ddr_regslice/S_AXI]
# } else {
#   connect_bd_intf_net [get_bd_intf_pins ctrl_smc/M01_AXI] [get_bd_intf_pins rx_cap_0/S_AXIL]
#   connect_bd_intf_net [get_bd_intf_pins ctrl_smc/M02_AXI] [get_bd_intf_pins ctrl_ddr_regslice/S_AXI]
# }
# connect_bd_intf_net [get_bd_intf_pins ctrl_ddr_regslice/M_AXI] [get_bd_intf_pins ddr4_0/C0_DDR4_S_AXI_CTRL]
# connect_bd_intf_net [get_bd_intf_pins replay_core_0/M_TX_AXIS] [get_bd_intf_pins tx_axis_fifo_0/S_AXIS]
# connect_bd_intf_net [get_bd_intf_pins tx_axis_fifo_0/M_AXIS] [get_bd_intf_pins cmac_0/axis_tx]
# if {$enable_port1} {
#   connect_bd_intf_net [get_bd_intf_pins replay_core_1/M_TX_AXIS] [get_bd_intf_pins tx_axis_fifo_1/S_AXIS]
#   connect_bd_intf_net [get_bd_intf_pins tx_axis_fifo_1/M_AXIS] [get_bd_intf_pins cmac_1/axis_tx]
# }
# connect_bd_net [get_bd_pins cmac_0/rx_axis_tdata] [get_bd_pins rx_cap_0/s_rx_axis_tdata]
# connect_bd_net [get_bd_pins cmac_0/rx_axis_tkeep] [get_bd_pins rx_cap_0/s_rx_axis_tkeep]
# connect_bd_net [get_bd_pins cmac_0/rx_axis_tvalid] [get_bd_pins rx_cap_0/s_rx_axis_tvalid]
# connect_bd_net [get_bd_pins cmac_0/rx_axis_tlast] [get_bd_pins rx_cap_0/s_rx_axis_tlast]
# connect_bd_net [get_bd_pins cmac_0/rx_axis_tuser] [get_bd_pins rx_cap_0/s_rx_axis_tuser]
# if {$enable_port1} {
#   connect_bd_net [get_bd_pins cmac_1/rx_axis_tdata] [get_bd_pins rx_cap_1/s_rx_axis_tdata]
#   connect_bd_net [get_bd_pins cmac_1/rx_axis_tkeep] [get_bd_pins rx_cap_1/s_rx_axis_tkeep]
#   connect_bd_net [get_bd_pins cmac_1/rx_axis_tvalid] [get_bd_pins rx_cap_1/s_rx_axis_tvalid]
#   connect_bd_net [get_bd_pins cmac_1/rx_axis_tlast] [get_bd_pins rx_cap_1/s_rx_axis_tlast]
#   connect_bd_net [get_bd_pins cmac_1/rx_axis_tuser] [get_bd_pins rx_cap_1/s_rx_axis_tuser]
# }
# connect_const ddr4_0/sys_rst 1 0
# connect_const xdma_0/usr_irq_req 1 0
# connect_cmac_const_pins cmac_0
# if {$enable_port1} {
#   connect_cmac_const_pins cmac_1
# }
# assign_bd_address
Slave segment '/ddr4_0/C0_DDR4_MEMORY_MAP/C0_DDR4_ADDRESS_BLOCK' is being assigned into address space '/replay_core_0/M_AXI' at <0x0_0000_0000 [ 16G ]>.
Slave segment '/ddr4_0/C0_DDR4_MEMORY_MAP/C0_DDR4_ADDRESS_BLOCK' is being assigned into address space '/replay_core_1/M_AXI' at <0x0_0000_0000 [ 16G ]>.
Slave segment '/ddr4_0/C0_DDR4_MEMORY_MAP/C0_DDR4_ADDRESS_BLOCK' is being assigned into address space '/rx_cap_0/M_AXI' at <0x0_0000_0000 [ 16G ]>.
Slave segment '/ddr4_0/C0_DDR4_MEMORY_MAP/C0_DDR4_ADDRESS_BLOCK' is being assigned into address space '/rx_cap_1/M_AXI' at <0x0_0000_0000 [ 16G ]>.
Slave segment '/ddr4_0/C0_DDR4_MEMORY_MAP/C0_DDR4_ADDRESS_BLOCK' is being assigned into address space '/xdma_0/M_AXI' at <0x0_0000_0000 [ 16G ]>.
Slave segment '/ddr4_0/C0_DDR4_MEMORY_MAP_CTRL/C0_REG' is being assigned into address space '/xdma_0/M_AXI_LITE' at <0x8000_0000 [ 1M ]>.
Slave segment '/replay_core_0/S_AXIL/reg0' is being assigned into address space '/xdma_0/M_AXI_LITE' at <0x44A0_0000 [ 64K ]>.
Slave segment '/replay_core_1/S_AXIL/reg0' is being assigned into address space '/xdma_0/M_AXI_LITE' at <0x44A1_0000 [ 64K ]>.
Slave segment '/rx_cap_0/S_AXIL/reg0' is being assigned into address space '/xdma_0/M_AXI_LITE' at <0x44A2_0000 [ 64K ]>.
Slave segment '/rx_cap_1/S_AXIL/reg0' is being assigned into address space '/xdma_0/M_AXI_LITE' at <0x44A3_0000 [ 64K ]>.
# set ctrl_segs [get_bd_addr_segs -quiet xdma_0/M_AXI_LITE/*]
# foreach seg $ctrl_segs {
#   if {[string match *replay_core_0* $seg]} {
#     set_property range 64K $seg
#     set_property offset 0x00000000 $seg
#   } elseif {[string match *replay_core_1* $seg]} {
#     set_property range 64K $seg
#     set_property offset 0x00010000 $seg
#   } elseif {[string match *rx_cap_0* $seg]} {
#     set_property range 64K $seg
#     set_property offset 0x00020000 $seg
#   } elseif {[string match *rx_cap_1* $seg]} {
#     set_property range 64K $seg
#     set_property offset 0x00030000 $seg
#   } elseif {[string match *ddr4_0* $seg]} {
#     set_property range 64K $seg
#     set_property offset 0x00040000 $seg
#   }
# }
# set ddr_host_segs [get_bd_addr_segs -quiet xdma_0/M_AXI/*]
# foreach seg $ddr_host_segs {
#   if {[string match *ddr4_0* $seg]} {
#     set_property offset 0x0000000000000000 $seg
#     set_property range 16G $seg
#   }
# }
# set ddr_core_masters [list replay_core_0 rx_cap_0]
# if {$enable_port1} {
#   lappend ddr_core_masters replay_core_1 rx_cap_1
# }
# foreach master $ddr_core_masters {
#   set ddr_core_segs [get_bd_addr_segs -quiet $master/M_AXI/*]
#   foreach seg $ddr_core_segs {
#     if {[string match *ddr4_0* $seg]} {
#       set_property offset 0x0000000000000000 $seg
#       set_property range 16G $seg
#     }
#   }
# }
# validate_bd_design
WARNING: [SMARTCONNECT-2] Port M00_AXI of /host_smc is connected to an infrastructure IP (/xdma_to_ddr_cc).  It is recommended to attach AXI SmartConnect directly to endpoint IPs to avoid mismatches or other issues during validation.  If mismatches occur, manually assign values for AXI Interface properties of /xdma_to_ddr_cc.
WARNING: [SMARTCONNECT-2] Port S00_AXI of /ddr_smc is connected to an infrastructure IP (/xdma_to_ddr_cc).  It is recommended to attach AXI SmartConnect directly to endpoint IPs to avoid mismatches or other issues during validation.  If mismatches occur, manually assign values for AXI Interface properties of /xdma_to_ddr_cc.
WARNING: [SMARTCONNECT-2] Port M04_AXI of /ctrl_smc is connected to an infrastructure IP (/ctrl_ddr_regslice).  It is recommended to attach AXI SmartConnect directly to endpoint IPs to avoid mismatches or other issues during validation.  If mismatches occur, manually assign values for AXI Interface properties of /ctrl_ddr_regslice.
WARNING: [SMARTCONNECT-2] Port S00_AXI of /ctrl_smc is connected to an infrastructure IP (/axil_ctrl_cc).  It is recommended to attach AXI SmartConnect directly to endpoint IPs to avoid mismatches or other issues during validation.  If mismatches occur, manually assign values for AXI Interface properties of /axil_ctrl_cc.
INFO: [xilinx.com:ip:clk_wiz:6.0-1] /cmac_init_clk_wiz clk_wiz propagate
INFO: [xilinx.com:ip:cmac_usplus:3.1-5910] /cmac_0 NOTE : INIT CLK of /cmac_0 has input port frequency configured as 125000000 Hz (125.0 MHz).
INFO: [xilinx.com:ip:cmac_usplus:3.1-5910] /cmac_1 NOTE : INIT CLK of /cmac_1 has input port frequency configured as 125000000 Hz (125.0 MHz).
validate_bd_design: Time (s): cpu = 00:00:06 ; elapsed = 00:00:06 . Memory (MB): peak = 3592.176 ; gain = 155.969 ; free physical = 105854 ; free virtual = 122405
# save_bd_design
Wrote  : </home/user/tr_hw_300_dual_bd_20260629/vivado_hw/traffic_replay_hw.srcs/sources_1/bd/traffic_replay_bd/traffic_replay_bd.bd> 
# set bd_file [get_files [file join $build_dir $project_name.srcs sources_1 bd $bd_name $bd_name.bd]]
# set_property synth_checkpoint_mode None $bd_file
# set_property generate_synth_checkpoint false $bd_file
# make_wrapper -files [get_files [file join $build_dir $project_name.srcs sources_1 bd $bd_name $bd_name.bd]] -top
INFO: [BD 41-1662] The design 'traffic_replay_bd.bd' is already validated. Therefore parameter propagation will not be re-run.
VHDL Output written to : /home/user/tr_hw_300_dual_bd_20260629/vivado_hw/traffic_replay_hw.gen/sources_1/bd/traffic_replay_bd/synth/traffic_replay_bd.v
VHDL Output written to : /home/user/tr_hw_300_dual_bd_20260629/vivado_hw/traffic_replay_hw.gen/sources_1/bd/traffic_replay_bd/sim/traffic_replay_bd.v
VHDL Output written to : /home/user/tr_hw_300_dual_bd_20260629/vivado_hw/traffic_replay_hw.gen/sources_1/bd/traffic_replay_bd/hdl/traffic_replay_bd_wrapper.v
# add_files -norecurse [file join $build_dir $project_name.gen sources_1 bd $bd_name hdl ${bd_name}_wrapper.v]
# set_property top ${bd_name}_wrapper [current_fileset]
# update_compile_order -fileset sources_1
# puts "Hardware BD project created at $build_dir"
Hardware BD project created at /home/user/tr_hw_300_dual_bd_20260629/vivado_hw
INFO: [Common 17-206] Exiting Vivado at Mon Jun 29 19:45:23 2026...
