
****** Vivado v2020.2 (64-bit)
  **** SW Build 3064766 on Wed Nov 18 09:12:47 MST 2020
  **** IP Build 3064653 on Wed Nov 18 14:17:31 MST 2020
    ** Copyright 1986-2020 Xilinx, Inc. All Rights Reserved.

source scripts/program_remote.tcl
# if {$argc < 1} {
#   puts "Usage: vivado -mode batch -source scripts/program_remote.tcl -tclargs path/to/bitfile.bit"
#   exit 1
# }
# set bitfile [file normalize [lindex $argv 0]]
# if {![file exists $bitfile]} {
#   puts "ERROR: bitfile not found: $bitfile"
#   exit 1
# }
# set hw_server_url 172.22.5.106:3121
# open_hw_manager
# connect_hw_server -url $hw_server_url
INFO: [Labtools 27-2285] Connecting to hw_server url TCP:172.22.5.106:3121
INFO: [Labtools 27-3415] Connecting to cs_server url TCP:localhost:3042
INFO: [Labtools 27-3417] Launching cs_server...
INFO: [Labtools 27-2221] Launch Output:


******** Xilinx cs_server v2020.2
  ****** Build date   : Nov 04 2020-05:02:56
    **** Build number : 2020.2.1604437376
      ** Copyright 2017-2020 Xilinx, Inc. All Rights Reserved.



# set targets [get_hw_targets *]
# if {[llength $targets] == 0} {
#   puts "ERROR: no hardware target found on $hw_server_url"
#   exit 1
# }
# current_hw_target [lindex $targets 0]
# open_hw_target
INFO: [Labtoolstcl 44-466] Opening hw_target 172.22.5.106:3121/xilinx_tcf/Xilinx/2130069AM056A
# set devices [get_hw_devices xcu200*]
# if {[llength $devices] == 0} {
#   set devices [get_hw_devices]
# }
# if {[llength $devices] == 0} {
#   puts "ERROR: no FPGA devices found"
#   exit 1
# }
# set dev [lindex $devices 0]
# current_hw_device $dev
# refresh_hw_device $dev
INFO: [Labtools 27-2302] Device xcu200 (JTAG device index = 0) is programmed with a design that has 1 MIG core(s).
# set_property PROGRAM.FILE $bitfile $dev
# set ltxfile [file rootname $bitfile].ltx
# if {[file exists $ltxfile]} {
#   set_property PROBES.FILE $ltxfile $dev
#   puts "Using probes file $ltxfile"
# }
Using probes file /home/user/tr_hw_300_dual_bd_20260629/vivado_hw/traffic_replay_hw.runs/impl_1/traffic_replay_bd_wrapper.ltx
# program_hw_devices $dev
INFO: [Labtools 27-3164] End of startup status: HIGH
program_hw_devices: Time (s): cpu = 00:00:22 ; elapsed = 00:00:22 . Memory (MB): peak = 3187.508 ; gain = 0.000 ; free physical = 105096 ; free virtual = 122687
# refresh_hw_device $dev
WARNING: [Labtools 27-3089] Calibration is still in-progress.
INFO: [Labtools 27-2302] Device xcu200 (JTAG device index = 0) is programmed with a design that has 1 MIG core(s).
# puts "Programmed $dev with $bitfile"
Programmed xcu200_0 with /home/user/tr_hw_300_dual_bd_20260629/vivado_hw/traffic_replay_hw.runs/impl_1/traffic_replay_bd_wrapper.bit
# exit
INFO: [Common 17-206] Exiting Vivado at Mon Jun 29 23:02:03 2026...
INFO: [Labtools 27-3143] Calibration status change detected, refreshing MIG_1
